This file contains any messages produced by compilers while
running configure, to aid debugging if configure makes a mistake.

It was created by sqlite configure 3.7.14.1, which was
generated by GNU Autoconf 2.68.  Invocation command line was

  $ ./configure --enable-tempstore=yes CC=/usr/bin/gcc CFLAGS=-DSQLITE_HAS_CODEC -DSQLITE_TEMP_STORE=2

## --------- ##
## Platform. ##
## --------- ##

hostname = Bulbasaur.local
uname -m = x86_64
uname -r = 11.4.2
uname -s = Darwin
uname -v = Darwin Kernel Version 11.4.2: Thu Aug 23 16:25:48 PDT 2012; root:xnu-1699.32.7~1/RELEASE_X86_64

/usr/bin/uname -p = i386
/bin/uname -X     = unknown

/bin/arch              = unknown
/usr/bin/arch -k       = unknown
/usr/convex/getsysinfo = unknown
/usr/bin/hostinfo      = Mach kernel version:
	 Darwin Kernel Version 11.4.2: Thu Aug 23 16:25:48 PDT 2012; root:xnu-1699.32.7~1/RELEASE_X86_64
Kernel configured for up to 8 processors.
4 processors are physically available.
8 processors are logically available.
Processor type: i486 (Intel 80486)
Processors active: 0 1 2 3 4 5 6 7
Primary memory available: 8.00 gigabytes
Default processor set: 143 tasks, 844 threads, 8 processors
Load average: 2.52, Mach factor: 5.47
/bin/machine           = unknown
/usr/bin/oslevel       = unknown
/bin/universe          = unknown

PATH: /Applications/Xcode.app/Contents/Developer/Toolchains/XcodeDefault.xctoolchain/usr/bin
PATH: /Applications/Xcode.app/Contents/Developer/Toolchains/XcodeDefault.xctoolchain/usr/libexec
PATH: /Applications/Xcode.app/Contents/Developer/Platforms/iPhoneSimulator.platform/Developer/usr/bin
PATH: /Applications/Xcode.app/Contents/Developer/Platforms/iPhoneSimulator.platform/Developer/usr/local/bin
PATH: /Applications/Xcode.app/Contents/Developer/Platforms/iPhoneSimulator.platform/usr/bin
PATH: /Applications/Xcode.app/Contents/Developer/Platforms/iPhoneSimulator.platform/usr/local/bin
PATH: /Applications/Xcode.app/Contents/Developer/usr/bin
PATH: /Applications/Xcode.app/Contents/Developer/usr/local/bin
PATH: /Applications/Xcode.app/Contents/Developer/Tools
PATH: /usr/bin
PATH: /bin
PATH: /usr/sbin
PATH: /sbin


## ----------- ##
## Core tests. ##
## ----------- ##

configure:2465: checking build system type
configure:2479: result: i386-apple-darwin11.4.2
configure:2499: checking host system type
configure:2512: result: i386-apple-darwin11.4.2
configure:2580: checking for gcc
configure:2607: result: /usr/bin/gcc
configure:2836: checking for C compiler version
configure:2845: /usr/bin/gcc --version >&5
i686-apple-darwin11-llvm-gcc-4.2 (GCC) 4.2.1 (Based on Apple Inc. build 5658) (LLVM build 2336.1.00)
Copyright (C) 2007 Free Software Foundation, Inc.
This is free software; see the source for copying conditions.  There is NO
warranty; not even for MERCHANTABILITY or FITNESS FOR A PARTICULAR PURPOSE.

configure:2856: $? = 0
configure:2845: /usr/bin/gcc -v >&5
Using built-in specs.
Target: i686-apple-darwin11
Configured with: /private/var/tmp/llvmgcc42/llvmgcc42-2336.1~1/src/configure --disable-checking --enable-werror --prefix=/Developer/usr/llvm-gcc-4.2 --mandir=/share/man --enable-languages=c,objc,c++,obj-c++ --program-prefix=llvm- --program-transform-name=/^[cg][^.-]*$/s/$/-4.2/ --with-slibdir=/usr/lib --build=i686-apple-darwin11 --enable-llvm=/private/var/tmp/llvmgcc42/llvmgcc42-2336.1~1/dst-llvmCore/Developer/usr/local --program-prefix=i686-apple-darwin11- --host=x86_64-apple-darwin11 --target=i686-apple-darwin11 --with-gxx-include-dir=/usr/include/c++/4.2.1
Thread model: posix
gcc version 4.2.1 (Based on Apple Inc. build 5658) (LLVM build 2336.1.00)
configure:2856: $? = 0
configure:2845: /usr/bin/gcc -V >&5
llvm-gcc-4.2: argument to `-V' is missing
configure:2856: $? = 1
configure:2845: /usr/bin/gcc -qversion >&5
i686-apple-darwin11-llvm-gcc-4.2: no input files
configure:2856: $? = 1
configure:2876: checking whether the C compiler works
configure:2898: /usr/bin/gcc -DSQLITE_HAS_CODEC -DSQLITE_TEMP_STORE=2   conftest.c  >&5
configure:2902: $? = 0
configure:2950: result: yes
configure:2953: checking for C compiler default output file name
configure:2955: result: a.out
configure:2961: checking for suffix of executables
configure:2968: /usr/bin/gcc -o conftest -DSQLITE_HAS_CODEC -DSQLITE_TEMP_STORE=2   conftest.c  >&5
configure:2972: $? = 0
configure:2994: result: 
configure:3016: checking whether we are cross compiling
configure:3024: /usr/bin/gcc -o conftest -DSQLITE_HAS_CODEC -DSQLITE_TEMP_STORE=2   conftest.c  >&5
configure:3028: $? = 0
configure:3035: ./conftest
configure:3039: $? = 0
configure:3054: result: no
configure:3059: checking for suffix of object files
configure:3081: /usr/bin/gcc -c -DSQLITE_HAS_CODEC -DSQLITE_TEMP_STORE=2  conftest.c >&5
configure:3085: $? = 0
configure:3106: result: o
configure:3110: checking whether we are using the GNU C compiler
configure:3129: /usr/bin/gcc -c -DSQLITE_HAS_CODEC -DSQLITE_TEMP_STORE=2  conftest.c >&5
configure:3129: $? = 0
configure:3138: result: yes
configure:3147: checking whether /usr/bin/gcc accepts -g
configure:3167: /usr/bin/gcc -c -g  conftest.c >&5
configure:3167: $? = 0
configure:3208: result: yes
configure:3225: checking for /usr/bin/gcc option to accept ISO C89
configure:3289: /usr/bin/gcc  -c -DSQLITE_HAS_CODEC -DSQLITE_TEMP_STORE=2  conftest.c >&5
configure:3289: $? = 0
configure:3302: result: none needed
configure:3322: checking for a sed that does not truncate output
configure:3386: result: /usr/bin/sed
configure:3404: checking for grep that handles long lines and -e
configure:3462: result: /usr/bin/grep
configure:3467: checking for egrep
configure:3529: result: /usr/bin/grep -E
configure:3534: checking for fgrep
configure:3596: result: /usr/bin/grep -F
configure:3631: checking for ld used by /usr/bin/gcc
configure:3698: result: /usr/llvm-gcc-4.2/libexec/gcc/i686-apple-darwin11/4.2.1/ld
configure:3705: checking if the linker (/usr/llvm-gcc-4.2/libexec/gcc/i686-apple-darwin11/4.2.1/ld) is GNU ld
configure:3720: result: no
configure:3732: checking for BSD- or MS-compatible name lister (nm)
configure:3781: result: /Applications/Xcode.app/Contents/Developer/Toolchains/XcodeDefault.xctoolchain/usr/bin/nm
configure:3899: checking the name lister (/Applications/Xcode.app/Contents/Developer/Toolchains/XcodeDefault.xctoolchain/usr/bin/nm) interface
configure:3906: /usr/bin/gcc -c -DSQLITE_HAS_CODEC -DSQLITE_TEMP_STORE=2  conftest.c >&5
configure:3909: /Applications/Xcode.app/Contents/Developer/Toolchains/XcodeDefault.xctoolchain/usr/bin/nm "conftest.o"
configure:3912: output
0000000000000000 S _some_variable
configure:3919: result: BSD nm
configure:3922: checking whether ln -s works
configure:3926: result: yes
configure:3934: checking the maximum length of command line arguments
configure:4054: result: 196608
configure:4071: checking whether the shell understands some XSI constructs
configure:4081: result: yes
configure:4085: checking whether the shell understands "+="
configure:4091: result: yes
configure:4126: checking for /usr/llvm-gcc-4.2/libexec/gcc/i686-apple-darwin11/4.2.1/ld option to reload object files
configure:4133: result: -r
configure:4202: checking for objdump
configure:4232: result: no
configure:4261: checking how to recognize dependent libraries
configure:4457: result: pass_all
configure:4517: checking for ar
configure:4533: found /Applications/Xcode.app/Contents/Developer/Toolchains/XcodeDefault.xctoolchain/usr/bin/ar
configure:4544: result: ar
configure:4622: checking for strip
configure:4638: found /Applications/Xcode.app/Contents/Developer/Toolchains/XcodeDefault.xctoolchain/usr/bin/strip
configure:4649: result: strip
configure:4721: checking for ranlib
configure:4737: found /Applications/Xcode.app/Contents/Developer/Toolchains/XcodeDefault.xctoolchain/usr/bin/ranlib
configure:4748: result: ranlib
configure:4838: checking command to parse /Applications/Xcode.app/Contents/Developer/Toolchains/XcodeDefault.xctoolchain/usr/bin/nm output from /usr/bin/gcc object
configure:4956: /usr/bin/gcc -c -DSQLITE_HAS_CODEC -DSQLITE_TEMP_STORE=2  conftest.c >&5
configure:4959: $? = 0
configure:4963: /Applications/Xcode.app/Contents/Developer/Toolchains/XcodeDefault.xctoolchain/usr/bin/nm conftest.o \| sed -n -e 's/^.*[	 ]\([BCDEGRST][BCDEGRST]*\)[	 ][	 ]*\([_A-Za-z][_A-Za-z0-9]*\)$/\1 \2 \2/p' \> conftest.nm
configure:4966: $? = 0
cannot find nm_test_var in conftest.nm
configure:4956: /usr/bin/gcc -c -DSQLITE_HAS_CODEC -DSQLITE_TEMP_STORE=2  conftest.c >&5
configure:4959: $? = 0
configure:4963: /Applications/Xcode.app/Contents/Developer/Toolchains/XcodeDefault.xctoolchain/usr/bin/nm conftest.o \| sed -n -e 's/^.*[	 ]\([BCDEGRST][BCDEGRST]*\)[	 ][	 ]*_\([_A-Za-z][_A-Za-z0-9]*\)$/\1 _\2 \2/p' \> conftest.nm
configure:4966: $? = 0
configure:5020: /usr/bin/gcc -o conftest -DSQLITE_HAS_CODEC -DSQLITE_TEMP_STORE=2   conftest.c conftstm.o >&5
configure:5023: $? = 0
configure:5061: result: ok
configure:5326: checking for dsymutil
configure:5342: found /Applications/Xcode.app/Contents/Developer/Toolchains/XcodeDefault.xctoolchain/usr/bin/dsymutil
configure:5353: result: dsymutil
configure:5418: checking for nmedit
configure:5434: found /Applications/Xcode.app/Contents/Developer/Toolchains/XcodeDefault.xctoolchain/usr/bin/nmedit
configure:5445: result: nmedit
configure:5510: checking for lipo
configure:5526: found /usr/bin/lipo
configure:5537: result: lipo
configure:5602: checking for otool
configure:5618: found /Applications/Xcode.app/Contents/Developer/Toolchains/XcodeDefault.xctoolchain/usr/bin/otool
configure:5629: result: otool
configure:5694: checking for otool64
configure:5724: result: no
configure:5769: checking for -single_module linker flag
/usr/bin/gcc -DSQLITE_HAS_CODEC -DSQLITE_TEMP_STORE=2  -o libconftest.dylib -dynamiclib -Wl,-single_module conftest.c
configure:5796: result: yes
configure:5798: checking for -exported_symbols_list linker flag
configure:5818: /usr/bin/gcc -o conftest -DSQLITE_HAS_CODEC -DSQLITE_TEMP_STORE=2   -Wl,-exported_symbols_list,conftest.sym conftest.c  >&5
configure:5818: $? = 0
configure:5828: result: yes
configure:5870: checking how to run the C preprocessor
configure:5901: /usr/bin/gcc -E  conftest.c
configure:5901: $? = 0
configure:5915: /usr/bin/gcc -E  conftest.c
conftest.c:9:28: error: ac_nonexistent.h: No such file or directory
configure:5915: $? = 1
configure: failed program was:
| /* confdefs.h */
| #define PACKAGE_NAME "sqlite"
| #define PACKAGE_TARNAME "sqlite"
| #define PACKAGE_VERSION "3.7.14.1"
| #define PACKAGE_STRING "sqlite 3.7.14.1"
| #define PACKAGE_BUGREPORT ""
| #define PACKAGE_URL ""
| /* end confdefs.h.  */
| #include <ac_nonexistent.h>
configure:5940: result: /usr/bin/gcc -E
configure:5960: /usr/bin/gcc -E  conftest.c
configure:5960: $? = 0
configure:5974: /usr/bin/gcc -E  conftest.c
conftest.c:9:28: error: ac_nonexistent.h: No such file or directory
configure:5974: $? = 1
configure: failed program was:
| /* confdefs.h */
| #define PACKAGE_NAME "sqlite"
| #define PACKAGE_TARNAME "sqlite"
| #define PACKAGE_VERSION "3.7.14.1"
| #define PACKAGE_STRING "sqlite 3.7.14.1"
| #define PACKAGE_BUGREPORT ""
| #define PACKAGE_URL ""
| /* end confdefs.h.  */
| #include <ac_nonexistent.h>
configure:6003: checking for ANSI C header files
configure:6023: /usr/bin/gcc -c -DSQLITE_HAS_CODEC -DSQLITE_TEMP_STORE=2  conftest.c >&5
configure:6023: $? = 0
configure:6096: /usr/bin/gcc -o conftest -DSQLITE_HAS_CODEC -DSQLITE_TEMP_STORE=2   conftest.c  >&5
configure:6096: $? = 0
configure:6096: ./conftest
configure:6096: $? = 0
configure:6107: result: yes
configure:6120: checking for sys/types.h
configure:6120: /usr/bin/gcc -c -DSQLITE_HAS_CODEC -DSQLITE_TEMP_STORE=2  conftest.c >&5
configure:6120: $? = 0
configure:6120: result: yes
configure:6120: checking for sys/stat.h
configure:6120: /usr/bin/gcc -c -DSQLITE_HAS_CODEC -DSQLITE_TEMP_STORE=2  conftest.c >&5
configure:6120: $? = 0
configure:6120: result: yes
configure:6120: checking for stdlib.h
configure:6120: /usr/bin/gcc -c -DSQLITE_HAS_CODEC -DSQLITE_TEMP_STORE=2  conftest.c >&5
configure:6120: $? = 0
configure:6120: result: yes
configure:6120: checking for string.h
configure:6120: /usr/bin/gcc -c -DSQLITE_HAS_CODEC -DSQLITE_TEMP_STORE=2  conftest.c >&5
configure:6120: $? = 0
configure:6120: result: yes
configure:6120: checking for memory.h
configure:6120: /usr/bin/gcc -c -DSQLITE_HAS_CODEC -DSQLITE_TEMP_STORE=2  conftest.c >&5
configure:6120: $? = 0
configure:6120: result: yes
configure:6120: checking for strings.h
configure:6120: /usr/bin/gcc -c -DSQLITE_HAS_CODEC -DSQLITE_TEMP_STORE=2  conftest.c >&5
configure:6120: $? = 0
configure:6120: result: yes
configure:6120: checking for inttypes.h
configure:6120: /usr/bin/gcc -c -DSQLITE_HAS_CODEC -DSQLITE_TEMP_STORE=2  conftest.c >&5
configure:6120: $? = 0
configure:6120: result: yes
configure:6120: checking for stdint.h
configure:6120: /usr/bin/gcc -c -DSQLITE_HAS_CODEC -DSQLITE_TEMP_STORE=2  conftest.c >&5
configure:6120: $? = 0
configure:6120: result: yes
configure:6120: checking for unistd.h
configure:6120: /usr/bin/gcc -c -DSQLITE_HAS_CODEC -DSQLITE_TEMP_STORE=2  conftest.c >&5
configure:6120: $? = 0
configure:6120: result: yes
configure:6134: checking for dlfcn.h
configure:6134: /usr/bin/gcc -c -DSQLITE_HAS_CODEC -DSQLITE_TEMP_STORE=2  conftest.c >&5
configure:6134: $? = 0
configure:6134: result: yes
configure:6318: checking for objdir
configure:6333: result: .libs
configure:6625: checking if /usr/bin/gcc supports -fno-rtti -fno-exceptions
configure:6643: /usr/bin/gcc -c -DSQLITE_HAS_CODEC -DSQLITE_TEMP_STORE=2  -fno-rtti -fno-exceptions conftest.c >&5
cc1: warning: command line option "-fno-rtti" is valid for C++/ObjC++ but not for C
configure:6647: $? = 0
configure:6660: result: no
configure:6680: checking for /usr/bin/gcc option to produce PIC
configure:6952: result: -fno-common -DPIC
configure:6964: checking if /usr/bin/gcc PIC flag -fno-common -DPIC works
configure:6982: /usr/bin/gcc -c -DSQLITE_HAS_CODEC -DSQLITE_TEMP_STORE=2  -fno-common -DPIC -DPIC conftest.c >&5
configure:6986: $? = 0
configure:6999: result: yes
configure:7023: checking if /usr/bin/gcc static flag -static works
configure:7051: result: no
configure:7066: checking if /usr/bin/gcc supports -c -o file.o
configure:7087: /usr/bin/gcc -c -DSQLITE_HAS_CODEC -DSQLITE_TEMP_STORE=2  -o out/conftest2.o conftest.c >&5
configure:7091: $? = 0
configure:7113: result: yes
configure:7121: checking if /usr/bin/gcc supports -c -o file.o
configure:7168: result: yes
configure:7201: checking whether the /usr/bin/gcc linker (/usr/llvm-gcc-4.2/libexec/gcc/i686-apple-darwin11/4.2.1/ld) supports shared libraries
configure:8187: result: yes
configure:8426: checking dynamic linker characteristics
configure:9090: result: darwin11.4.2 dyld
configure:9192: checking how to hardcode library paths into programs
configure:9217: result: immediate
configure:9737: checking whether stripping libraries is possible
configure:9751: result: yes
configure:9777: checking if libtool supports shared libraries
configure:9779: result: yes
configure:9782: checking whether to build shared libraries
configure:9803: result: yes
configure:9806: checking whether to build static libraries
configure:9810: result: yes
configure:9859: checking for a BSD-compatible install
configure:9927: result: /usr/bin/install -c
configure:9942: checking for gawk
configure:9972: result: no
configure:9942: checking for mawk
configure:9972: result: no
configure:9942: checking for nawk
configure:9972: result: no
configure:9942: checking for awk
configure:9958: found /usr/bin/awk
configure:9969: result: awk
configure:9991: checking for special C compiler options needed for large files
configure:10036: result: no
configure:10042: checking for _FILE_OFFSET_BITS value needed for large files
configure:10067: /usr/bin/gcc -c -DSQLITE_HAS_CODEC -DSQLITE_TEMP_STORE=2  conftest.c >&5
configure:10067: $? = 0
configure:10099: result: no
configure:10185: checking for int8_t
configure:10185: /usr/bin/gcc -c -DSQLITE_HAS_CODEC -DSQLITE_TEMP_STORE=2  conftest.c >&5
configure:10185: $? = 0
configure:10185: /usr/bin/gcc -c -DSQLITE_HAS_CODEC -DSQLITE_TEMP_STORE=2  conftest.c >&5
conftest.c: In function 'main':
conftest.c:57: error: expected expression before ')' token
configure:10185: $? = 1
configure: failed program was:
| /* confdefs.h */
| #define PACKAGE_NAME "sqlite"
| #define PACKAGE_TARNAME "sqlite"
| #define PACKAGE_VERSION "3.7.14.1"
| #define PACKAGE_STRING "sqlite 3.7.14.1"
| #define PACKAGE_BUGREPORT ""
| #define PACKAGE_URL ""
| #define STDC_HEADERS 1
| #define HAVE_SYS_TYPES_H 1
| #define HAVE_SYS_STAT_H 1
| #define HAVE_STDLIB_H 1
| #define HAVE_STRING_H 1
| #define HAVE_MEMORY_H 1
| #define HAVE_STRINGS_H 1
| #define HAVE_INTTYPES_H 1
| #define HAVE_STDINT_H 1
| #define HAVE_UNISTD_H 1
| #define HAVE_DLFCN_H 1
| #define LT_OBJDIR ".libs/"
| /* end confdefs.h.  */
| #include <stdio.h>
| #ifdef HAVE_SYS_TYPES_H
| # include <sys/types.h>
| #endif
| #ifdef HAVE_SYS_STAT_H
| # include <sys/stat.h>
| #endif
| #ifdef STDC_HEADERS
| # include <stdlib.h>
| # include <stddef.h>
| #else
| # ifdef HAVE_STDLIB_H
| #  include <stdlib.h>
| # endif
| #endif
| #ifdef HAVE_STRING_H
| # if !defined STDC_HEADERS && defined HAVE_MEMORY_H
| #  include <memory.h>
| # endif
| # include <string.h>
| #endif
| #ifdef HAVE_STRINGS_H
| # include <strings.h>
| #endif
| #ifdef HAVE_INTTYPES_H
| # include <inttypes.h>
| #endif
| #ifdef HAVE_STDINT_H
| # include <stdint.h>
| #endif
| #ifdef HAVE_UNISTD_H
| # include <unistd.h>
| #endif
| int
| main ()
| {
| if (sizeof ((int8_t)))
| 	    return 0;
|   ;
|   return 0;
| }
configure:10185: result: yes
configure:10194: checking for int16_t
configure:10194: /usr/bin/gcc -c -DSQLITE_HAS_CODEC -DSQLITE_TEMP_STORE=2  conftest.c >&5
configure:10194: $? = 0
configure:10194: /usr/bin/gcc -c -DSQLITE_HAS_CODEC -DSQLITE_TEMP_STORE=2  conftest.c >&5
conftest.c: In function 'main':
conftest.c:58: error: expected expression before ')' token
configure:10194: $? = 1
configure: failed program was:
| /* confdefs.h */
| #define PACKAGE_NAME "sqlite"
| #define PACKAGE_TARNAME "sqlite"
| #define PACKAGE_VERSION "3.7.14.1"
| #define PACKAGE_STRING "sqlite 3.7.14.1"
| #define PACKAGE_BUGREPORT ""
| #define PACKAGE_URL ""
| #define STDC_HEADERS 1
| #define HAVE_SYS_TYPES_H 1
| #define HAVE_SYS_STAT_H 1
| #define HAVE_STDLIB_H 1
| #define HAVE_STRING_H 1
| #define HAVE_MEMORY_H 1
| #define HAVE_STRINGS_H 1
| #define HAVE_INTTYPES_H 1
| #define HAVE_STDINT_H 1
| #define HAVE_UNISTD_H 1
| #define HAVE_DLFCN_H 1
| #define LT_OBJDIR ".libs/"
| #define HAVE_INT8_T 1
| /* end confdefs.h.  */
| #include <stdio.h>
| #ifdef HAVE_SYS_TYPES_H
| # include <sys/types.h>
| #endif
| #ifdef HAVE_SYS_STAT_H
| # include <sys/stat.h>
| #endif
| #ifdef STDC_HEADERS
| # include <stdlib.h>
| # include <stddef.h>
| #else
| # ifdef HAVE_STDLIB_H
| #  include <stdlib.h>
| # endif
| #endif
| #ifdef HAVE_STRING_H
| # if !defined STDC_HEADERS && defined HAVE_MEMORY_H
| #  include <memory.h>
| # endif
| # include <string.h>
| #endif
| #ifdef HAVE_STRINGS_H
| # include <strings.h>
| #endif
| #ifdef HAVE_INTTYPES_H
| # include <inttypes.h>
| #endif
| #ifdef HAVE_STDINT_H
| # include <stdint.h>
| #endif
| #ifdef HAVE_UNISTD_H
| # include <unistd.h>
| #endif
| int
| main ()
| {
| if (sizeof ((int16_t)))
| 	    return 0;
|   ;
|   return 0;
| }
configure:10194: result: yes
configure:10203: checking for int32_t
configure:10203: /usr/bin/gcc -c -DSQLITE_HAS_CODEC -DSQLITE_TEMP_STORE=2  conftest.c >&5
configure:10203: $? = 0
configure:10203: /usr/bin/gcc -c -DSQLITE_HAS_CODEC -DSQLITE_TEMP_STORE=2  conftest.c >&5
conftest.c: In function 'main':
conftest.c:59: error: expected expression before ')' token
configure:10203: $? = 1
configure: failed program was:
| /* confdefs.h */
| #define PACKAGE_NAME "sqlite"
| #define PACKAGE_TARNAME "sqlite"
| #define PACKAGE_VERSION "3.7.14.1"
| #define PACKAGE_STRING "sqlite 3.7.14.1"
| #define PACKAGE_BUGREPORT ""
| #define PACKAGE_URL ""
| #define STDC_HEADERS 1
| #define HAVE_SYS_TYPES_H 1
| #define HAVE_SYS_STAT_H 1
| #define HAVE_STDLIB_H 1
| #define HAVE_STRING_H 1
| #define HAVE_MEMORY_H 1
| #define HAVE_STRINGS_H 1
| #define HAVE_INTTYPES_H 1
| #define HAVE_STDINT_H 1
| #define HAVE_UNISTD_H 1
| #define HAVE_DLFCN_H 1
| #define LT_OBJDIR ".libs/"
| #define HAVE_INT8_T 1
| #define HAVE_INT16_T 1
| /* end confdefs.h.  */
| #include <stdio.h>
| #ifdef HAVE_SYS_TYPES_H
| # include <sys/types.h>
| #endif
| #ifdef HAVE_SYS_STAT_H
| # include <sys/stat.h>
| #endif
| #ifdef STDC_HEADERS
| # include <stdlib.h>
| # include <stddef.h>
| #else
| # ifdef HAVE_STDLIB_H
| #  include <stdlib.h>
| # endif
| #endif
| #ifdef HAVE_STRING_H
| # if !defined STDC_HEADERS && defined HAVE_MEMORY_H
| #  include <memory.h>
| # endif
| # include <string.h>
| #endif
| #ifdef HAVE_STRINGS_H
| # include <strings.h>
| #endif
| #ifdef HAVE_INTTYPES_H
| # include <inttypes.h>
| #endif
| #ifdef HAVE_STDINT_H
| # include <stdint.h>
| #endif
| #ifdef HAVE_UNISTD_H
| # include <unistd.h>
| #endif
| int
| main ()
| {
| if (sizeof ((int32_t)))
| 	    return 0;
|   ;
|   return 0;
| }
configure:10203: result: yes
configure:10212: checking for int64_t
configure:10212: /usr/bin/gcc -c -DSQLITE_HAS_CODEC -DSQLITE_TEMP_STORE=2  conftest.c >&5
configure:10212: $? = 0
configure:10212: /usr/bin/gcc -c -DSQLITE_HAS_CODEC -DSQLITE_TEMP_STORE=2  conftest.c >&5
conftest.c: In function 'main':
conftest.c:60: error: expected expression before ')' token
configure:10212: $? = 1
configure: failed program was:
| /* confdefs.h */
| #define PACKAGE_NAME "sqlite"
| #define PACKAGE_TARNAME "sqlite"
| #define PACKAGE_VERSION "3.7.14.1"
| #define PACKAGE_STRING "sqlite 3.7.14.1"
| #define PACKAGE_BUGREPORT ""
| #define PACKAGE_URL ""
| #define STDC_HEADERS 1
| #define HAVE_SYS_TYPES_H 1
| #define HAVE_SYS_STAT_H 1
| #define HAVE_STDLIB_H 1
| #define HAVE_STRING_H 1
| #define HAVE_MEMORY_H 1
| #define HAVE_STRINGS_H 1
| #define HAVE_INTTYPES_H 1
| #define HAVE_STDINT_H 1
| #define HAVE_UNISTD_H 1
| #define HAVE_DLFCN_H 1
| #define LT_OBJDIR ".libs/"
| #define HAVE_INT8_T 1
| #define HAVE_INT16_T 1
| #define HAVE_INT32_T 1
| /* end confdefs.h.  */
| #include <stdio.h>
| #ifdef HAVE_SYS_TYPES_H
| # include <sys/types.h>
| #endif
| #ifdef HAVE_SYS_STAT_H
| # include <sys/stat.h>
| #endif
| #ifdef STDC_HEADERS
| # include <stdlib.h>
| # include <stddef.h>
| #else
| # ifdef HAVE_STDLIB_H
| #  include <stdlib.h>
| # endif
| #endif
| #ifdef HAVE_STRING_H
| # if !defined STDC_HEADERS && defined HAVE_MEMORY_H
| #  include <memory.h>
| # endif
| # include <string.h>
| #endif
| #ifdef HAVE_STRINGS_H
| # include <strings.h>
| #endif
| #ifdef HAVE_INTTYPES_H
| # include <inttypes.h>
| #endif
| #ifdef HAVE_STDINT_H
| # include <stdint.h>
| #endif
| #ifdef HAVE_UNISTD_H
| # include <unistd.h>
| #endif
| int
| main ()
| {
| if (sizeof ((int64_t)))
| 	    return 0;
|   ;
|   return 0;
| }
configure:10212: result: yes
configure:10221: checking for intptr_t
configure:10221: /usr/bin/gcc -c -DSQLITE_HAS_CODEC -DSQLITE_TEMP_STORE=2  conftest.c >&5
configure:10221: $? = 0
configure:10221: /usr/bin/gcc -c -DSQLITE_HAS_CODEC -DSQLITE_TEMP_STORE=2  conftest.c >&5
conftest.c: In function 'main':
conftest.c:61: error: expected expression before ')' token
configure:10221: $? = 1
configure: failed program was:
| /* confdefs.h */
| #define PACKAGE_NAME "sqlite"
| #define PACKAGE_TARNAME "sqlite"
| #define PACKAGE_VERSION "3.7.14.1"
| #define PACKAGE_STRING "sqlite 3.7.14.1"
| #define PACKAGE_BUGREPORT ""
| #define PACKAGE_URL ""
| #define STDC_HEADERS 1
| #define HAVE_SYS_TYPES_H 1
| #define HAVE_SYS_STAT_H 1
| #define HAVE_STDLIB_H 1
| #define HAVE_STRING_H 1
| #define HAVE_MEMORY_H 1
| #define HAVE_STRINGS_H 1
| #define HAVE_INTTYPES_H 1
| #define HAVE_STDINT_H 1
| #define HAVE_UNISTD_H 1
| #define HAVE_DLFCN_H 1
| #define LT_OBJDIR ".libs/"
| #define HAVE_INT8_T 1
| #define HAVE_INT16_T 1
| #define HAVE_INT32_T 1
| #define HAVE_INT64_T 1
| /* end confdefs.h.  */
| #include <stdio.h>
| #ifdef HAVE_SYS_TYPES_H
| # include <sys/types.h>
| #endif
| #ifdef HAVE_SYS_STAT_H
| # include <sys/stat.h>
| #endif
| #ifdef STDC_HEADERS
| # include <stdlib.h>
| # include <stddef.h>
| #else
| # ifdef HAVE_STDLIB_H
| #  include <stdlib.h>
| # endif
| #endif
| #ifdef HAVE_STRING_H
| # if !defined STDC_HEADERS && defined HAVE_MEMORY_H
| #  include <memory.h>
| # endif
| # include <string.h>
| #endif
| #ifdef HAVE_STRINGS_H
| # include <strings.h>
| #endif
| #ifdef HAVE_INTTYPES_H
| # include <inttypes.h>
| #endif
| #ifdef HAVE_STDINT_H
| # include <stdint.h>
| #endif
| #ifdef HAVE_UNISTD_H
| # include <unistd.h>
| #endif
| int
| main ()
| {
| if (sizeof ((intptr_t)))
| 	    return 0;
|   ;
|   return 0;
| }
configure:10221: result: yes
configure:10230: checking for uint8_t
configure:10230: /usr/bin/gcc -c -DSQLITE_HAS_CODEC -DSQLITE_TEMP_STORE=2  conftest.c >&5
configure:10230: $? = 0
configure:10230: /usr/bin/gcc -c -DSQLITE_HAS_CODEC -DSQLITE_TEMP_STORE=2  conftest.c >&5
conftest.c: In function 'main':
conftest.c:62: error: expected expression before ')' token
configure:10230: $? = 1
configure: failed program was:
| /* confdefs.h */
| #define PACKAGE_NAME "sqlite"
| #define PACKAGE_TARNAME "sqlite"
| #define PACKAGE_VERSION "3.7.14.1"
| #define PACKAGE_STRING "sqlite 3.7.14.1"
| #define PACKAGE_BUGREPORT ""
| #define PACKAGE_URL ""
| #define STDC_HEADERS 1
| #define HAVE_SYS_TYPES_H 1
| #define HAVE_SYS_STAT_H 1
| #define HAVE_STDLIB_H 1
| #define HAVE_STRING_H 1
| #define HAVE_MEMORY_H 1
| #define HAVE_STRINGS_H 1
| #define HAVE_INTTYPES_H 1
| #define HAVE_STDINT_H 1
| #define HAVE_UNISTD_H 1
| #define HAVE_DLFCN_H 1
| #define LT_OBJDIR ".libs/"
| #define HAVE_INT8_T 1
| #define HAVE_INT16_T 1
| #define HAVE_INT32_T 1
| #define HAVE_INT64_T 1
| #define HAVE_INTPTR_T 1
| /* end confdefs.h.  */
| #include <stdio.h>
| #ifdef HAVE_SYS_TYPES_H
| # include <sys/types.h>
| #endif
| #ifdef HAVE_SYS_STAT_H
| # include <sys/stat.h>
| #endif
| #ifdef STDC_HEADERS
| # include <stdlib.h>
| # include <stddef.h>
| #else
| # ifdef HAVE_STDLIB_H
| #  include <stdlib.h>
| # endif
| #endif
| #ifdef HAVE_STRING_H
| # if !defined STDC_HEADERS && defined HAVE_MEMORY_H
| #  include <memory.h>
| # endif
| # include <string.h>
| #endif
| #ifdef HAVE_STRINGS_H
| # include <strings.h>
| #endif
| #ifdef HAVE_INTTYPES_H
| # include <inttypes.h>
| #endif
| #ifdef HAVE_STDINT_H
| # include <stdint.h>
| #endif
| #ifdef HAVE_UNISTD_H
| # include <unistd.h>
| #endif
| int
| main ()
| {
| if (sizeof ((uint8_t)))
| 	    return 0;
|   ;
|   return 0;
| }
configure:10230: result: yes
configure:10239: checking for uint16_t
configure:10239: /usr/bin/gcc -c -DSQLITE_HAS_CODEC -DSQLITE_TEMP_STORE=2  conftest.c >&5
configure:10239: $? = 0
configure:10239: /usr/bin/gcc -c -DSQLITE_HAS_CODEC -DSQLITE_TEMP_STORE=2  conftest.c >&5
conftest.c: In function 'main':
conftest.c:63: error: expected expression before ')' token
configure:10239: $? = 1
configure: failed program was:
| /* confdefs.h */
| #define PACKAGE_NAME "sqlite"
| #define PACKAGE_TARNAME "sqlite"
| #define PACKAGE_VERSION "3.7.14.1"
| #define PACKAGE_STRING "sqlite 3.7.14.1"
| #define PACKAGE_BUGREPORT ""
| #define PACKAGE_URL ""
| #define STDC_HEADERS 1
| #define HAVE_SYS_TYPES_H 1
| #define HAVE_SYS_STAT_H 1
| #define HAVE_STDLIB_H 1
| #define HAVE_STRING_H 1
| #define HAVE_MEMORY_H 1
| #define HAVE_STRINGS_H 1
| #define HAVE_INTTYPES_H 1
| #define HAVE_STDINT_H 1
| #define HAVE_UNISTD_H 1
| #define HAVE_DLFCN_H 1
| #define LT_OBJDIR ".libs/"
| #define HAVE_INT8_T 1
| #define HAVE_INT16_T 1
| #define HAVE_INT32_T 1
| #define HAVE_INT64_T 1
| #define HAVE_INTPTR_T 1
| #define HAVE_UINT8_T 1
| /* end confdefs.h.  */
| #include <stdio.h>
| #ifdef HAVE_SYS_TYPES_H
| # include <sys/types.h>
| #endif
| #ifdef HAVE_SYS_STAT_H
| # include <sys/stat.h>
| #endif
| #ifdef STDC_HEADERS
| # include <stdlib.h>
| # include <stddef.h>
| #else
| # ifdef HAVE_STDLIB_H
| #  include <stdlib.h>
| # endif
| #endif
| #ifdef HAVE_STRING_H
| # if !defined STDC_HEADERS && defined HAVE_MEMORY_H
| #  include <memory.h>
| # endif
| # include <string.h>
| #endif
| #ifdef HAVE_STRINGS_H
| # include <strings.h>
| #endif
| #ifdef HAVE_INTTYPES_H
| # include <inttypes.h>
| #endif
| #ifdef HAVE_STDINT_H
| # include <stdint.h>
| #endif
| #ifdef HAVE_UNISTD_H
| # include <unistd.h>
| #endif
| int
| main ()
| {
| if (sizeof ((uint16_t)))
| 	    return 0;
|   ;
|   return 0;
| }
configure:10239: result: yes
configure:10248: checking for uint32_t
configure:10248: /usr/bin/gcc -c -DSQLITE_HAS_CODEC -DSQLITE_TEMP_STORE=2  conftest.c >&5
configure:10248: $? = 0
configure:10248: /usr/bin/gcc -c -DSQLITE_HAS_CODEC -DSQLITE_TEMP_STORE=2  conftest.c >&5
conftest.c: In function 'main':
conftest.c:64: error: expected expression before ')' token
configure:10248: $? = 1
configure: failed program was:
| /* confdefs.h */
| #define PACKAGE_NAME "sqlite"
| #define PACKAGE_TARNAME "sqlite"
| #define PACKAGE_VERSION "3.7.14.1"
| #define PACKAGE_STRING "sqlite 3.7.14.1"
| #define PACKAGE_BUGREPORT ""
| #define PACKAGE_URL ""
| #define STDC_HEADERS 1
| #define HAVE_SYS_TYPES_H 1
| #define HAVE_SYS_STAT_H 1
| #define HAVE_STDLIB_H 1
| #define HAVE_STRING_H 1
| #define HAVE_MEMORY_H 1
| #define HAVE_STRINGS_H 1
| #define HAVE_INTTYPES_H 1
| #define HAVE_STDINT_H 1
| #define HAVE_UNISTD_H 1
| #define HAVE_DLFCN_H 1
| #define LT_OBJDIR ".libs/"
| #define HAVE_INT8_T 1
| #define HAVE_INT16_T 1
| #define HAVE_INT32_T 1
| #define HAVE_INT64_T 1
| #define HAVE_INTPTR_T 1
| #define HAVE_UINT8_T 1
| #define HAVE_UINT16_T 1
| /* end confdefs.h.  */
| #include <stdio.h>
| #ifdef HAVE_SYS_TYPES_H
| # include <sys/types.h>
| #endif
| #ifdef HAVE_SYS_STAT_H
| # include <sys/stat.h>
| #endif
| #ifdef STDC_HEADERS
| # include <stdlib.h>
| # include <stddef.h>
| #else
| # ifdef HAVE_STDLIB_H
| #  include <stdlib.h>
| # endif
| #endif
| #ifdef HAVE_STRING_H
| # if !defined STDC_HEADERS && defined HAVE_MEMORY_H
| #  include <memory.h>
| # endif
| # include <string.h>
| #endif
| #ifdef HAVE_STRINGS_H
| # include <strings.h>
| #endif
| #ifdef HAVE_INTTYPES_H
| # include <inttypes.h>
| #endif
| #ifdef HAVE_STDINT_H
| # include <stdint.h>
| #endif
| #ifdef HAVE_UNISTD_H
| # include <unistd.h>
| #endif
| int
| main ()
| {
| if (sizeof ((uint32_t)))
| 	    return 0;
|   ;
|   return 0;
| }
configure:10248: result: yes
configure:10257: checking for uint64_t
configure:10257: /usr/bin/gcc -c -DSQLITE_HAS_CODEC -DSQLITE_TEMP_STORE=2  conftest.c >&5
configure:10257: $? = 0
configure:10257: /usr/bin/gcc -c -DSQLITE_HAS_CODEC -DSQLITE_TEMP_STORE=2  conftest.c >&5
conftest.c: In function 'main':
conftest.c:65: error: expected expression before ')' token
configure:10257: $? = 1
configure: failed program was:
| /* confdefs.h */
| #define PACKAGE_NAME "sqlite"
| #define PACKAGE_TARNAME "sqlite"
| #define PACKAGE_VERSION "3.7.14.1"
| #define PACKAGE_STRING "sqlite 3.7.14.1"
| #define PACKAGE_BUGREPORT ""
| #define PACKAGE_URL ""
| #define STDC_HEADERS 1
| #define HAVE_SYS_TYPES_H 1
| #define HAVE_SYS_STAT_H 1
| #define HAVE_STDLIB_H 1
| #define HAVE_STRING_H 1
| #define HAVE_MEMORY_H 1
| #define HAVE_STRINGS_H 1
| #define HAVE_INTTYPES_H 1
| #define HAVE_STDINT_H 1
| #define HAVE_UNISTD_H 1
| #define HAVE_DLFCN_H 1
| #define LT_OBJDIR ".libs/"
| #define HAVE_INT8_T 1
| #define HAVE_INT16_T 1
| #define HAVE_INT32_T 1
| #define HAVE_INT64_T 1
| #define HAVE_INTPTR_T 1
| #define HAVE_UINT8_T 1
| #define HAVE_UINT16_T 1
| #define HAVE_UINT32_T 1
| /* end confdefs.h.  */
| #include <stdio.h>
| #ifdef HAVE_SYS_TYPES_H
| # include <sys/types.h>
| #endif
| #ifdef HAVE_SYS_STAT_H
| # include <sys/stat.h>
| #endif
| #ifdef STDC_HEADERS
| # include <stdlib.h>
| # include <stddef.h>
| #else
| # ifdef HAVE_STDLIB_H
| #  include <stdlib.h>
| # endif
| #endif
| #ifdef HAVE_STRING_H
| # if !defined STDC_HEADERS && defined HAVE_MEMORY_H
| #  include <memory.h>
| # endif
| # include <string.h>
| #endif
| #ifdef HAVE_STRINGS_H
| # include <strings.h>
| #endif
| #ifdef HAVE_INTTYPES_H
| # include <inttypes.h>
| #endif
| #ifdef HAVE_STDINT_H
| # include <stdint.h>
| #endif
| #ifdef HAVE_UNISTD_H
| # include <unistd.h>
| #endif
| int
| main ()
| {
| if (sizeof ((uint64_t)))
| 	    return 0;
|   ;
|   return 0;
| }
configure:10257: result: yes
configure:10266: checking for uintptr_t
configure:10266: /usr/bin/gcc -c -DSQLITE_HAS_CODEC -DSQLITE_TEMP_STORE=2  conftest.c >&5
configure:10266: $? = 0
configure:10266: /usr/bin/gcc -c -DSQLITE_HAS_CODEC -DSQLITE_TEMP_STORE=2  conftest.c >&5
conftest.c: In function 'main':
conftest.c:66: error: expected expression before ')' token
configure:10266: $? = 1
configure: failed program was:
| /* confdefs.h */
| #define PACKAGE_NAME "sqlite"
| #define PACKAGE_TARNAME "sqlite"
| #define PACKAGE_VERSION "3.7.14.1"
| #define PACKAGE_STRING "sqlite 3.7.14.1"
| #define PACKAGE_BUGREPORT ""
| #define PACKAGE_URL ""
| #define STDC_HEADERS 1
| #define HAVE_SYS_TYPES_H 1
| #define HAVE_SYS_STAT_H 1
| #define HAVE_STDLIB_H 1
| #define HAVE_STRING_H 1
| #define HAVE_MEMORY_H 1
| #define HAVE_STRINGS_H 1
| #define HAVE_INTTYPES_H 1
| #define HAVE_STDINT_H 1
| #define HAVE_UNISTD_H 1
| #define HAVE_DLFCN_H 1
| #define LT_OBJDIR ".libs/"
| #define HAVE_INT8_T 1
| #define HAVE_INT16_T 1
| #define HAVE_INT32_T 1
| #define HAVE_INT64_T 1
| #define HAVE_INTPTR_T 1
| #define HAVE_UINT8_T 1
| #define HAVE_UINT16_T 1
| #define HAVE_UINT32_T 1
| #define HAVE_UINT64_T 1
| /* end confdefs.h.  */
| #include <stdio.h>
| #ifdef HAVE_SYS_TYPES_H
| # include <sys/types.h>
| #endif
| #ifdef HAVE_SYS_STAT_H
| # include <sys/stat.h>
| #endif
| #ifdef STDC_HEADERS
| # include <stdlib.h>
| # include <stddef.h>
| #else
| # ifdef HAVE_STDLIB_H
| #  include <stdlib.h>
| # endif
| #endif
| #ifdef HAVE_STRING_H
| # if !defined STDC_HEADERS && defined HAVE_MEMORY_H
| #  include <memory.h>
| # endif
| # include <string.h>
| #endif
| #ifdef HAVE_STRINGS_H
| # include <strings.h>
| #endif
| #ifdef HAVE_INTTYPES_H
| # include <inttypes.h>
| #endif
| #ifdef HAVE_STDINT_H
| # include <stdint.h>
| #endif
| #ifdef HAVE_UNISTD_H
| # include <unistd.h>
| #endif
| int
| main ()
| {
| if (sizeof ((uintptr_t)))
| 	    return 0;
|   ;
|   return 0;
| }
configure:10266: result: yes
configure:10282: checking for sys/types.h
configure:10282: result: yes
configure:10282: checking for stdlib.h
configure:10282: result: yes
configure:10282: checking for stdint.h
configure:10282: result: yes
configure:10282: checking for inttypes.h
configure:10282: result: yes
configure:10282: checking malloc.h usability
configure:10282: /usr/bin/gcc -c -DSQLITE_HAS_CODEC -DSQLITE_TEMP_STORE=2  conftest.c >&5
conftest.c:68:20: error: malloc.h: No such file or directory
configure:10282: $? = 1
configure: failed program was:
| /* confdefs.h */
| #define PACKAGE_NAME "sqlite"
| #define PACKAGE_TARNAME "sqlite"
| #define PACKAGE_VERSION "3.7.14.1"
| #define PACKAGE_STRING "sqlite 3.7.14.1"
| #define PACKAGE_BUGREPORT ""
| #define PACKAGE_URL ""
| #define STDC_HEADERS 1
| #define HAVE_SYS_TYPES_H 1
| #define HAVE_SYS_STAT_H 1
| #define HAVE_STDLIB_H 1
| #define HAVE_STRING_H 1
| #define HAVE_MEMORY_H 1
| #define HAVE_STRINGS_H 1
| #define HAVE_INTTYPES_H 1
| #define HAVE_STDINT_H 1
| #define HAVE_UNISTD_H 1
| #define HAVE_DLFCN_H 1
| #define LT_OBJDIR ".libs/"
| #define HAVE_INT8_T 1
| #define HAVE_INT16_T 1
| #define HAVE_INT32_T 1
| #define HAVE_INT64_T 1
| #define HAVE_INTPTR_T 1
| #define HAVE_UINT8_T 1
| #define HAVE_UINT16_T 1
| #define HAVE_UINT32_T 1
| #define HAVE_UINT64_T 1
| #define HAVE_UINTPTR_T 1
| #define HAVE_SYS_TYPES_H 1
| #define HAVE_STDLIB_H 1
| #define HAVE_STDINT_H 1
| #define HAVE_INTTYPES_H 1
| /* end confdefs.h.  */
| #include <stdio.h>
| #ifdef HAVE_SYS_TYPES_H
| # include <sys/types.h>
| #endif
| #ifdef HAVE_SYS_STAT_H
| # include <sys/stat.h>
| #endif
| #ifdef STDC_HEADERS
| # include <stdlib.h>
| # include <stddef.h>
| #else
| # ifdef HAVE_STDLIB_H
| #  include <stdlib.h>
| # endif
| #endif
| #ifdef HAVE_STRING_H
| # if !defined STDC_HEADERS && defined HAVE_MEMORY_H
| #  include <memory.h>
| # endif
| # include <string.h>
| #endif
| #ifdef HAVE_STRINGS_H
| # include <strings.h>
| #endif
| #ifdef HAVE_INTTYPES_H
| # include <inttypes.h>
| #endif
| #ifdef HAVE_STDINT_H
| # include <stdint.h>
| #endif
| #ifdef HAVE_UNISTD_H
| # include <unistd.h>
| #endif
| #include <malloc.h>
configure:10282: result: no
configure:10282: checking malloc.h presence
configure:10282: /usr/bin/gcc -E  conftest.c
conftest.c:35:20: error: malloc.h: No such file or directory
configure:10282: $? = 1
configure: failed program was:
| /* confdefs.h */
| #define PACKAGE_NAME "sqlite"
| #define PACKAGE_TARNAME "sqlite"
| #define PACKAGE_VERSION "3.7.14.1"
| #define PACKAGE_STRING "sqlite 3.7.14.1"
| #define PACKAGE_BUGREPORT ""
| #define PACKAGE_URL ""
| #define STDC_HEADERS 1
| #define HAVE_SYS_TYPES_H 1
| #define HAVE_SYS_STAT_H 1
| #define HAVE_STDLIB_H 1
| #define HAVE_STRING_H 1
| #define HAVE_MEMORY_H 1
| #define HAVE_STRINGS_H 1
| #define HAVE_INTTYPES_H 1
| #define HAVE_STDINT_H 1
| #define HAVE_UNISTD_H 1
| #define HAVE_DLFCN_H 1
| #define LT_OBJDIR ".libs/"
| #define HAVE_INT8_T 1
| #define HAVE_INT16_T 1
| #define HAVE_INT32_T 1
| #define HAVE_INT64_T 1
| #define HAVE_INTPTR_T 1
| #define HAVE_UINT8_T 1
| #define HAVE_UINT16_T 1
| #define HAVE_UINT32_T 1
| #define HAVE_UINT64_T 1
| #define HAVE_UINTPTR_T 1
| #define HAVE_SYS_TYPES_H 1
| #define HAVE_STDLIB_H 1
| #define HAVE_STDINT_H 1
| #define HAVE_INTTYPES_H 1
| /* end confdefs.h.  */
| #include <malloc.h>
configure:10282: result: no
configure:10282: checking for malloc.h
configure:10282: result: no
configure:10299: checking for usleep
configure:10299: /usr/bin/gcc -o conftest -DSQLITE_HAS_CODEC -DSQLITE_TEMP_STORE=2   conftest.c  >&5
configure:10299: $? = 0
configure:10299: result: yes
configure:10299: checking for fdatasync
configure:10299: /usr/bin/gcc -o conftest -DSQLITE_HAS_CODEC -DSQLITE_TEMP_STORE=2   conftest.c  >&5
configure:10299: $? = 0
configure:10299: result: yes
configure:10299: checking for localtime_r
configure:10299: /usr/bin/gcc -o conftest -DSQLITE_HAS_CODEC -DSQLITE_TEMP_STORE=2   conftest.c  >&5
configure:10299: $? = 0
configure:10299: result: yes
configure:10299: checking for gmtime_r
configure:10299: /usr/bin/gcc -o conftest -DSQLITE_HAS_CODEC -DSQLITE_TEMP_STORE=2   conftest.c  >&5
configure:10299: $? = 0
configure:10299: result: yes
configure:10299: checking for localtime_s
configure:10299: /usr/bin/gcc -o conftest -DSQLITE_HAS_CODEC -DSQLITE_TEMP_STORE=2   conftest.c  >&5
Undefined symbols for architecture x86_64:
  "_localtime_s", referenced from:
      _main in cc9glxMj.o
ld: symbol(s) not found for architecture x86_64
collect2: ld returned 1 exit status
configure:10299: $? = 1
configure: failed program was:
| /* confdefs.h */
| #define PACKAGE_NAME "sqlite"
| #define PACKAGE_TARNAME "sqlite"
| #define PACKAGE_VERSION "3.7.14.1"
| #define PACKAGE_STRING "sqlite 3.7.14.1"
| #define PACKAGE_BUGREPORT ""
| #define PACKAGE_URL ""
| #define STDC_HEADERS 1
| #define HAVE_SYS_TYPES_H 1
| #define HAVE_SYS_STAT_H 1
| #define HAVE_STDLIB_H 1
| #define HAVE_STRING_H 1
| #define HAVE_MEMORY_H 1
| #define HAVE_STRINGS_H 1
| #define HAVE_INTTYPES_H 1
| #define HAVE_STDINT_H 1
| #define HAVE_UNISTD_H 1
| #define HAVE_DLFCN_H 1
| #define LT_OBJDIR ".libs/"
| #define HAVE_INT8_T 1
| #define HAVE_INT16_T 1
| #define HAVE_INT32_T 1
| #define HAVE_INT64_T 1
| #define HAVE_INTPTR_T 1
| #define HAVE_UINT8_T 1
| #define HAVE_UINT16_T 1
| #define HAVE_UINT32_T 1
| #define HAVE_UINT64_T 1
| #define HAVE_UINTPTR_T 1
| #define HAVE_SYS_TYPES_H 1
| #define HAVE_STDLIB_H 1
| #define HAVE_STDINT_H 1
| #define HAVE_INTTYPES_H 1
| #define HAVE_USLEEP 1
| #define HAVE_FDATASYNC 1
| #define HAVE_LOCALTIME_R 1
| #define HAVE_GMTIME_R 1
| /* end confdefs.h.  */
| /* Define localtime_s to an innocuous variant, in case <limits.h> declares localtime_s.
|    For example, HP-UX 11i <limits.h> declares gettimeofday.  */
| #define localtime_s innocuous_localtime_s
| 
| /* System header to define __stub macros and hopefully few prototypes,
|     which can conflict with char localtime_s (); below.
|     Prefer <limits.h> to <assert.h> if __STDC__ is defined, since
|     <limits.h> exists even on freestanding compilers.  */
| 
| #ifdef __STDC__
| # include <limits.h>
| #else
| # include <assert.h>
| #endif
| 
| #undef localtime_s
| 
| /* Override any GCC internal prototype to avoid an error.
|    Use char because int might match the return type of a GCC
|    builtin and then its argument prototype would still apply.  */
| #ifdef __cplusplus
| extern "C"
| #endif
| char localtime_s ();
| /* The GNU C library defines this for functions which it implements
|     to always fail with ENOSYS.  Some functions are actually named
|     something starting with __ and the normal name is an alias.  */
| #if defined __stub_localtime_s || defined __stub___localtime_s
| choke me
| #endif
| 
| int
| main ()
| {
| return localtime_s ();
|   ;
|   return 0;
| }
configure:10299: result: no
configure:10299: checking for utime
configure:10299: /usr/bin/gcc -o conftest -DSQLITE_HAS_CODEC -DSQLITE_TEMP_STORE=2   conftest.c  >&5
configure:10299: $? = 0
configure:10299: result: yes
configure:10299: checking for malloc_usable_size
configure:10299: /usr/bin/gcc -o conftest -DSQLITE_HAS_CODEC -DSQLITE_TEMP_STORE=2   conftest.c  >&5
Undefined symbols for architecture x86_64:
  "_malloc_usable_size", referenced from:
      _main in cc6Y75D5.o
ld: symbol(s) not found for architecture x86_64
collect2: ld returned 1 exit status
configure:10299: $? = 1
configure: failed program was:
| /* confdefs.h */
| #define PACKAGE_NAME "sqlite"
| #define PACKAGE_TARNAME "sqlite"
| #define PACKAGE_VERSION "3.7.14.1"
| #define PACKAGE_STRING "sqlite 3.7.14.1"
| #define PACKAGE_BUGREPORT ""
| #define PACKAGE_URL ""
| #define STDC_HEADERS 1
| #define HAVE_SYS_TYPES_H 1
| #define HAVE_SYS_STAT_H 1
| #define HAVE_STDLIB_H 1
| #define HAVE_STRING_H 1
| #define HAVE_MEMORY_H 1
| #define HAVE_STRINGS_H 1
| #define HAVE_INTTYPES_H 1
| #define HAVE_STDINT_H 1
| #define HAVE_UNISTD_H 1
| #define HAVE_DLFCN_H 1
| #define LT_OBJDIR ".libs/"
| #define HAVE_INT8_T 1
| #define HAVE_INT16_T 1
| #define HAVE_INT32_T 1
| #define HAVE_INT64_T 1
| #define HAVE_INTPTR_T 1
| #define HAVE_UINT8_T 1
| #define HAVE_UINT16_T 1
| #define HAVE_UINT32_T 1
| #define HAVE_UINT64_T 1
| #define HAVE_UINTPTR_T 1
| #define HAVE_SYS_TYPES_H 1
| #define HAVE_STDLIB_H 1
| #define HAVE_STDINT_H 1
| #define HAVE_INTTYPES_H 1
| #define HAVE_USLEEP 1
| #define HAVE_FDATASYNC 1
| #define HAVE_LOCALTIME_R 1
| #define HAVE_GMTIME_R 1
| #define HAVE_UTIME 1
| /* end confdefs.h.  */
| /* Define malloc_usable_size to an innocuous variant, in case <limits.h> declares malloc_usable_size.
|    For example, HP-UX 11i <limits.h> declares gettimeofday.  */
| #define malloc_usable_size innocuous_malloc_usable_size
| 
| /* System header to define __stub macros and hopefully few prototypes,
|     which can conflict with char malloc_usable_size (); below.
|     Prefer <limits.h> to <assert.h> if __STDC__ is defined, since
|     <limits.h> exists even on freestanding compilers.  */
| 
| #ifdef __STDC__
| # include <limits.h>
| #else
| # include <assert.h>
| #endif
| 
| #undef malloc_usable_size
| 
| /* Override any GCC internal prototype to avoid an error.
|    Use char because int might match the return type of a GCC
|    builtin and then its argument prototype would still apply.  */
| #ifdef __cplusplus
| extern "C"
| #endif
| char malloc_usable_size ();
| /* The GNU C library defines this for functions which it implements
|     to always fail with ENOSYS.  Some functions are actually named
|     something starting with __ and the normal name is an alias.  */
| #if defined __stub_malloc_usable_size || defined __stub___malloc_usable_size
| choke me
| #endif
| 
| int
| main ()
| {
| return malloc_usable_size ();
|   ;
|   return 0;
| }
configure:10299: result: no
configure:10323: checking for tclsh8.5
configure:10339: found /usr/bin/tclsh8.5
configure:10350: result: tclsh8.5
configure:10391: Version set to 3.7
configure:10395: Release set to 3.7.14.1
configure:10401: Version number set to 3007014
configure:10512: checking whether to support threadsafe operation
configure:10520: result: yes
configure:10526: checking for library containing pthread_create
configure:10557: /usr/bin/gcc -o conftest -DSQLITE_HAS_CODEC -DSQLITE_TEMP_STORE=2   conftest.c  >&5
configure:10557: $? = 0
configure:10574: result: none required
configure:10596: checking whether to allow connections to be shared across threads
configure:10600: result: no
configure:10619: checking whether to support shared library linked as release mode or not
configure:10623: result: no
configure:10642: checking whether to use an in-ram database for temporary tables
configure:10657: result: yes
configure:10679: checking if executables have the .exe suffix
configure:10686: result: unknown
configure:10754: checking for Tcl configuration
configure:10848: result: found /usr/lib/tclConfig.sh
configure:10851: checking for existence of /usr/lib/tclConfig.sh
configure:10854: result: loading
configure:10940: checking for library containing tgetent
configure:10971: /usr/bin/gcc -o conftest -DSQLITE_HAS_CODEC -DSQLITE_TEMP_STORE=2 -DSQLITE_OS_UNIX=1   conftest.c  >&5
Undefined symbols for architecture x86_64:
  "_tgetent", referenced from:
      _main in ccJ78Vhc.o
ld: symbol(s) not found for architecture x86_64
collect2: ld returned 1 exit status
configure:10971: $? = 1
configure: failed program was:
| /* confdefs.h */
| #define PACKAGE_NAME "sqlite"
| #define PACKAGE_TARNAME "sqlite"
| #define PACKAGE_VERSION "3.7.14.1"
| #define PACKAGE_STRING "sqlite 3.7.14.1"
| #define PACKAGE_BUGREPORT ""
| #define PACKAGE_URL ""
| #define STDC_HEADERS 1
| #define HAVE_SYS_TYPES_H 1
| #define HAVE_SYS_STAT_H 1
| #define HAVE_STDLIB_H 1
| #define HAVE_STRING_H 1
| #define HAVE_MEMORY_H 1
| #define HAVE_STRINGS_H 1
| #define HAVE_INTTYPES_H 1
| #define HAVE_STDINT_H 1
| #define HAVE_UNISTD_H 1
| #define HAVE_DLFCN_H 1
| #define LT_OBJDIR ".libs/"
| #define HAVE_INT8_T 1
| #define HAVE_INT16_T 1
| #define HAVE_INT32_T 1
| #define HAVE_INT64_T 1
| #define HAVE_INTPTR_T 1
| #define HAVE_UINT8_T 1
| #define HAVE_UINT16_T 1
| #define HAVE_UINT32_T 1
| #define HAVE_UINT64_T 1
| #define HAVE_UINTPTR_T 1
| #define HAVE_SYS_TYPES_H 1
| #define HAVE_STDLIB_H 1
| #define HAVE_STDINT_H 1
| #define HAVE_INTTYPES_H 1
| #define HAVE_USLEEP 1
| #define HAVE_FDATASYNC 1
| #define HAVE_LOCALTIME_R 1
| #define HAVE_GMTIME_R 1
| #define HAVE_UTIME 1
| /* end confdefs.h.  */
| 
| /* Override any GCC internal prototype to avoid an error.
|    Use char because int might match the return type of a GCC
|    builtin and then its argument prototype would still apply.  */
| #ifdef __cplusplus
| extern "C"
| #endif
| char tgetent ();
| int
| main ()
| {
| return tgetent ();
|   ;
|   return 0;
| }
configure:10971: /usr/bin/gcc -o conftest -DSQLITE_HAS_CODEC -DSQLITE_TEMP_STORE=2 -DSQLITE_OS_UNIX=1   conftest.c -lreadline   >&5
Undefined symbols for architecture x86_64:
  "_tgetent", referenced from:
      _main in ccuqBL0m.o
ld: symbol(s) not found for architecture x86_64
collect2: ld returned 1 exit status
configure:10971: $? = 1
configure: failed program was:
| /* confdefs.h */
| #define PACKAGE_NAME "sqlite"
| #define PACKAGE_TARNAME "sqlite"
| #define PACKAGE_VERSION "3.7.14.1"
| #define PACKAGE_STRING "sqlite 3.7.14.1"
| #define PACKAGE_BUGREPORT ""
| #define PACKAGE_URL ""
| #define STDC_HEADERS 1
| #define HAVE_SYS_TYPES_H 1
| #define HAVE_SYS_STAT_H 1
| #define HAVE_STDLIB_H 1
| #define HAVE_STRING_H 1
| #define HAVE_MEMORY_H 1
| #define HAVE_STRINGS_H 1
| #define HAVE_INTTYPES_H 1
| #define HAVE_STDINT_H 1
| #define HAVE_UNISTD_H 1
| #define HAVE_DLFCN_H 1
| #define LT_OBJDIR ".libs/"
| #define HAVE_INT8_T 1
| #define HAVE_INT16_T 1
| #define HAVE_INT32_T 1
| #define HAVE_INT64_T 1
| #define HAVE_INTPTR_T 1
| #define HAVE_UINT8_T 1
| #define HAVE_UINT16_T 1
| #define HAVE_UINT32_T 1
| #define HAVE_UINT64_T 1
| #define HAVE_UINTPTR_T 1
| #define HAVE_SYS_TYPES_H 1
| #define HAVE_STDLIB_H 1
| #define HAVE_STDINT_H 1
| #define HAVE_INTTYPES_H 1
| #define HAVE_USLEEP 1
| #define HAVE_FDATASYNC 1
| #define HAVE_LOCALTIME_R 1
| #define HAVE_GMTIME_R 1
| #define HAVE_UTIME 1
| /* end confdefs.h.  */
| 
| /* Override any GCC internal prototype to avoid an error.
|    Use char because int might match the return type of a GCC
|    builtin and then its argument prototype would still apply.  */
| #ifdef __cplusplus
| extern "C"
| #endif
| char tgetent ();
| int
| main ()
| {
| return tgetent ();
|   ;
|   return 0;
| }
configure:10971: /usr/bin/gcc -o conftest -DSQLITE_HAS_CODEC -DSQLITE_TEMP_STORE=2 -DSQLITE_OS_UNIX=1   conftest.c -lncurses   >&5
configure:10971: $? = 0
configure:10988: result: -lncurses
configure:10998: checking for readline in -lreadline
configure:11023: /usr/bin/gcc -o conftest -DSQLITE_HAS_CODEC -DSQLITE_TEMP_STORE=2 -DSQLITE_OS_UNIX=1   conftest.c -lreadline  -lncurses  >&5
configure:11023: $? = 0
configure:11032: result: yes
configure:11055: checking readline.h usability
configure:11055: /usr/bin/gcc -c -DSQLITE_HAS_CODEC -DSQLITE_TEMP_STORE=2 -DSQLITE_OS_UNIX=1  conftest.c >&5
conftest.c:73:22: error: readline.h: No such file or directory
configure:11055: $? = 1
configure: failed program was:
| /* confdefs.h */
| #define PACKAGE_NAME "sqlite"
| #define PACKAGE_TARNAME "sqlite"
| #define PACKAGE_VERSION "3.7.14.1"
| #define PACKAGE_STRING "sqlite 3.7.14.1"
| #define PACKAGE_BUGREPORT ""
| #define PACKAGE_URL ""
| #define STDC_HEADERS 1
| #define HAVE_SYS_TYPES_H 1
| #define HAVE_SYS_STAT_H 1
| #define HAVE_STDLIB_H 1
| #define HAVE_STRING_H 1
| #define HAVE_MEMORY_H 1
| #define HAVE_STRINGS_H 1
| #define HAVE_INTTYPES_H 1
| #define HAVE_STDINT_H 1
| #define HAVE_UNISTD_H 1
| #define HAVE_DLFCN_H 1
| #define LT_OBJDIR ".libs/"
| #define HAVE_INT8_T 1
| #define HAVE_INT16_T 1
| #define HAVE_INT32_T 1
| #define HAVE_INT64_T 1
| #define HAVE_INTPTR_T 1
| #define HAVE_UINT8_T 1
| #define HAVE_UINT16_T 1
| #define HAVE_UINT32_T 1
| #define HAVE_UINT64_T 1
| #define HAVE_UINTPTR_T 1
| #define HAVE_SYS_TYPES_H 1
| #define HAVE_STDLIB_H 1
| #define HAVE_STDINT_H 1
| #define HAVE_INTTYPES_H 1
| #define HAVE_USLEEP 1
| #define HAVE_FDATASYNC 1
| #define HAVE_LOCALTIME_R 1
| #define HAVE_GMTIME_R 1
| #define HAVE_UTIME 1
| /* end confdefs.h.  */
| #include <stdio.h>
| #ifdef HAVE_SYS_TYPES_H
| # include <sys/types.h>
| #endif
| #ifdef HAVE_SYS_STAT_H
| # include <sys/stat.h>
| #endif
| #ifdef STDC_HEADERS
| # include <stdlib.h>
| # include <stddef.h>
| #else
| # ifdef HAVE_STDLIB_H
| #  include <stdlib.h>
| # endif
| #endif
| #ifdef HAVE_STRING_H
| # if !defined STDC_HEADERS && defined HAVE_MEMORY_H
| #  include <memory.h>
| # endif
| # include <string.h>
| #endif
| #ifdef HAVE_STRINGS_H
| # include <strings.h>
| #endif
| #ifdef HAVE_INTTYPES_H
| # include <inttypes.h>
| #endif
| #ifdef HAVE_STDINT_H
| # include <stdint.h>
| #endif
| #ifdef HAVE_UNISTD_H
| # include <unistd.h>
| #endif
| #include <readline.h>
configure:11055: result: no
configure:11055: checking readline.h presence
configure:11055: /usr/bin/gcc -E  conftest.c
conftest.c:40:22: error: readline.h: No such file or directory
configure:11055: $? = 1
configure: failed program was:
| /* confdefs.h */
| #define PACKAGE_NAME "sqlite"
| #define PACKAGE_TARNAME "sqlite"
| #define PACKAGE_VERSION "3.7.14.1"
| #define PACKAGE_STRING "sqlite 3.7.14.1"
| #define PACKAGE_BUGREPORT ""
| #define PACKAGE_URL ""
| #define STDC_HEADERS 1
| #define HAVE_SYS_TYPES_H 1
| #define HAVE_SYS_STAT_H 1
| #define HAVE_STDLIB_H 1
| #define HAVE_STRING_H 1
| #define HAVE_MEMORY_H 1
| #define HAVE_STRINGS_H 1
| #define HAVE_INTTYPES_H 1
| #define HAVE_STDINT_H 1
| #define HAVE_UNISTD_H 1
| #define HAVE_DLFCN_H 1
| #define LT_OBJDIR ".libs/"
| #define HAVE_INT8_T 1
| #define HAVE_INT16_T 1
| #define HAVE_INT32_T 1
| #define HAVE_INT64_T 1
| #define HAVE_INTPTR_T 1
| #define HAVE_UINT8_T 1
| #define HAVE_UINT16_T 1
| #define HAVE_UINT32_T 1
| #define HAVE_UINT64_T 1
| #define HAVE_UINTPTR_T 1
| #define HAVE_SYS_TYPES_H 1
| #define HAVE_STDLIB_H 1
| #define HAVE_STDINT_H 1
| #define HAVE_INTTYPES_H 1
| #define HAVE_USLEEP 1
| #define HAVE_FDATASYNC 1
| #define HAVE_LOCALTIME_R 1
| #define HAVE_GMTIME_R 1
| #define HAVE_UTIME 1
| /* end confdefs.h.  */
| #include <readline.h>
configure:11055: result: no
configure:11055: checking for readline.h
configure:11055: result: no
configure:11065: checking for /usr/include/readline.h
configure:11079: result: no
configure:11065: checking for /usr/include/readline/readline.h
configure:11079: result: yes
configure:11118: checking for library containing fdatasync
configure:11149: /usr/bin/gcc -o conftest -DSQLITE_HAS_CODEC -DSQLITE_TEMP_STORE=2 -DSQLITE_OS_UNIX=1   conftest.c  >&5
configure:11149: $? = 0
configure:11166: result: none required
configure:11469: creating ./config.status

## ---------------------- ##
## Running config.status. ##
## ---------------------- ##

This file was extended by sqlite config.status 3.7.14.1, which was
generated by GNU Autoconf 2.68.  Invocation command line was

  CONFIG_FILES    = 
  CONFIG_HEADERS  = 
  CONFIG_LINKS    = 
  CONFIG_COMMANDS = 
  $ ./config.status 

on Bulbasaur.local

config.status:1090: creating Makefile
config.status:1090: creating sqlite3.pc
config.status:1090: creating config.h
config.status:1265: config.h is unchanged
config.status:1279: executing libtool commands

## ---------------- ##
## Cache variables. ##
## ---------------- ##

ac_cv_build=i386-apple-darwin11.4.2
ac_cv_c_compiler_gnu=yes
ac_cv_c_tclconfig=/usr/lib
ac_cv_env_CC_set=set
ac_cv_env_CC_value=/usr/bin/gcc
ac_cv_env_CFLAGS_set=set
ac_cv_env_CFLAGS_value='-DSQLITE_HAS_CODEC -DSQLITE_TEMP_STORE=2'
ac_cv_env_CPPFLAGS_set=
ac_cv_env_CPPFLAGS_value=
ac_cv_env_CPP_set=
ac_cv_env_CPP_value=
ac_cv_env_LDFLAGS_set=
ac_cv_env_LDFLAGS_value=
ac_cv_env_LIBS_set=
ac_cv_env_LIBS_value=
ac_cv_env_TCLLIBDIR_set=
ac_cv_env_TCLLIBDIR_value=
ac_cv_env_build_alias_set=
ac_cv_env_build_alias_value=
ac_cv_env_host_alias_set=
ac_cv_env_host_alias_value=
ac_cv_env_target_alias_set=
ac_cv_env_target_alias_value=
ac_cv_file__usr_include_readline_h=no
ac_cv_file__usr_include_readline_readline_h=yes
ac_cv_func_fdatasync=yes
ac_cv_func_gmtime_r=yes
ac_cv_func_localtime_r=yes
ac_cv_func_localtime_s=no
ac_cv_func_malloc_usable_size=no
ac_cv_func_usleep=yes
ac_cv_func_utime=yes
ac_cv_header_dlfcn_h=yes
ac_cv_header_inttypes_h=yes
ac_cv_header_malloc_h=no
ac_cv_header_memory_h=yes
ac_cv_header_readline_h=no
ac_cv_header_stdc=yes
ac_cv_header_stdint_h=yes
ac_cv_header_stdlib_h=yes
ac_cv_header_string_h=yes
ac_cv_header_strings_h=yes
ac_cv_header_sys_stat_h=yes
ac_cv_header_sys_types_h=yes
ac_cv_header_unistd_h=yes
ac_cv_host=i386-apple-darwin11.4.2
ac_cv_lib_readline_readline=yes
ac_cv_objext=o
ac_cv_path_EGREP='/usr/bin/grep -E'
ac_cv_path_FGREP='/usr/bin/grep -F'
ac_cv_path_GREP=/usr/bin/grep
ac_cv_path_SED=/usr/bin/sed
ac_cv_path_install='/usr/bin/install -c'
ac_cv_prog_AWK=awk
ac_cv_prog_CPP='/usr/bin/gcc -E'
ac_cv_prog_TCLSH_CMD=tclsh8.5
ac_cv_prog_ac_ct_AR=ar
ac_cv_prog_ac_ct_CC=/usr/bin/gcc
ac_cv_prog_ac_ct_DSYMUTIL=dsymutil
ac_cv_prog_ac_ct_LIPO=lipo
ac_cv_prog_ac_ct_NMEDIT=nmedit
ac_cv_prog_ac_ct_OTOOL=otool
ac_cv_prog_ac_ct_RANLIB=ranlib
ac_cv_prog_ac_ct_STRIP=strip
ac_cv_prog_cc_c89=
ac_cv_prog_cc_g=yes
ac_cv_search_fdatasync='none required'
ac_cv_search_pthread_create='none required'
ac_cv_search_tgetent=-lncurses
ac_cv_sys_file_offset_bits=no
ac_cv_sys_largefile_CC=no
ac_cv_type_int16_t=yes
ac_cv_type_int32_t=yes
ac_cv_type_int64_t=yes
ac_cv_type_int8_t=yes
ac_cv_type_intptr_t=yes
ac_cv_type_uint16_t=yes
ac_cv_type_uint32_t=yes
ac_cv_type_uint64_t=yes
ac_cv_type_uint8_t=yes
ac_cv_type_uintptr_t=yes
lt_cv_apple_cc_single_mod=yes
lt_cv_deplibs_check_method=pass_all
lt_cv_file_magic_cmd='$MAGIC_CMD'
lt_cv_file_magic_test_file=
lt_cv_ld_exported_symbols_list=yes
lt_cv_ld_reload_flag=-r
lt_cv_nm_interface='BSD nm'
lt_cv_objdir=.libs
lt_cv_path_LD=/usr/llvm-gcc-4.2/libexec/gcc/i686-apple-darwin11/4.2.1/ld
lt_cv_path_NM=/Applications/Xcode.app/Contents/Developer/Toolchains/XcodeDefault.xctoolchain/usr/bin/nm
lt_cv_prog_compiler_c_o=yes
lt_cv_prog_compiler_pic_works=yes
lt_cv_prog_compiler_rtti_exceptions=no
lt_cv_prog_compiler_static_works=no
lt_cv_prog_gnu_ld=no
lt_cv_sys_global_symbol_pipe='sed -n -e '\''s/^.*[	 ]\([BCDEGRST][BCDEGRST]*\)[	 ][	 ]*_\([_A-Za-z][_A-Za-z0-9]*\)$/\1 _\2 \2/p'\'''
lt_cv_sys_global_symbol_to_c_name_address='sed -n -e '\''s/^: \([^ ]*\) $/  {\"\1\", (void *) 0},/p'\'' -e '\''s/^[BCDEGRST]* \([^ ]*\) \([^ ]*\)$/  {"\2", (void *) \&\2},/p'\'''
lt_cv_sys_global_symbol_to_c_name_address_lib_prefix='sed -n -e '\''s/^: \([^ ]*\) $/  {\"\1\", (void *) 0},/p'\'' -e '\''s/^[BCDEGRST]* \([^ ]*\) \(lib[^ ]*\)$/  {"\2", (void *) \&\2},/p'\'' -e '\''s/^[BCDEGRST]* \([^ ]*\) \([^ ]*\)$/  {"lib\2", (void *) \&\2},/p'\'''
lt_cv_sys_global_symbol_to_cdecl='sed -n -e '\''s/^T .* \(.*\)$/extern int \1();/p'\'' -e '\''s/^[BCDEGRST]* .* \(.*\)$/extern char \1;/p'\'''
lt_cv_sys_max_cmd_len=196608

## ----------------- ##
## Output variables. ##
## ----------------- ##

ALLOWRELEASE=''
AR='ar'
AWK='awk'
BUILD_CC='/usr/bin/gcc'
BUILD_CFLAGS=' -DSQLITE_HAS_CODEC -DSQLITE_TEMP_STORE=2'
BUILD_EXEEXT=''
CC='/usr/bin/gcc'
CFLAGS=' -DSQLITE_HAS_CODEC -DSQLITE_TEMP_STORE=2 -DSQLITE_OS_UNIX=1'
CPP='/usr/bin/gcc -E'
CPPFLAGS=''
DEFS='-DHAVE_CONFIG_H'
DSYMUTIL='dsymutil'
DUMPBIN=''
ECHO_C=''
ECHO_N='-n'
ECHO_T=''
EGREP='/usr/bin/grep -E'
EXEEXT=''
FGREP='/usr/bin/grep -F'
GREP='/usr/bin/grep'
HAVE_TCL='1'
INSTALL_DATA='${INSTALL} -m 644'
INSTALL_PROGRAM='${INSTALL}'
INSTALL_SCRIPT='${INSTALL}'
LD='/usr/llvm-gcc-4.2/libexec/gcc/i686-apple-darwin11/4.2.1/ld'
LDFLAGS=''
LIBOBJS=''
LIBS=''
LIBTOOL='$(SHELL) $(top_builddir)/libtool'
LIPO='lipo'
LN_S='ln -s'
LTLIBOBJS=''
NM='/Applications/Xcode.app/Contents/Developer/Toolchains/XcodeDefault.xctoolchain/usr/bin/nm'
NMEDIT='nmedit'
OBJDUMP='false'
OBJEXT='o'
OPT_FEATURE_FLAGS='-DSQLITE_OMIT_LOAD_EXTENSION=1'
OTOOL64=':'
OTOOL='otool'
PACKAGE_BUGREPORT=''
PACKAGE_NAME='sqlite'
PACKAGE_STRING='sqlite 3.7.14.1'
PACKAGE_TARNAME='sqlite'
PACKAGE_URL=''
PACKAGE_VERSION='3.7.14.1'
PATH_SEPARATOR=':'
RANLIB='ranlib'
RELEASE='3.7.14.1'
SED='/usr/bin/sed'
SHELL='/bin/sh'
SQLITE_OS_OS2='0'
SQLITE_OS_UNIX='1'
SQLITE_OS_WIN='0'
SQLITE_THREADSAFE='1'
STRIP='strip'
TARGET_DEBUG='-DNDEBUG'
TARGET_EXEEXT=''
TARGET_HAVE_READLINE='1'
TARGET_READLINE_INC='-I/usr/include/readline'
TARGET_READLINE_LIBS='-lreadline -lncurses '
TCLLIBDIR='/System/Library/Frameworks/Tcl.framework/Versions/8.5/Resources/Scripts/sqlite3'
TCLSH_CMD='tclsh8.5'
TCL_BIN_DIR='/usr/lib'
TCL_INCLUDE_SPEC='-I/System/Library/Frameworks/Tcl.framework/Versions/8.5/Headers'
TCL_LIBS='  -lpthread -framework CoreFoundation '
TCL_LIB_FILE='Tcl'
TCL_LIB_FLAG='-framework Tcl'
TCL_LIB_SPEC='-F/System/Library/Frameworks -framework Tcl'
TCL_SRC_DIR='/SourceCache/tcl/tcl-95/tcl/tcl'
TCL_STUB_LIB_FILE='libtclstub8.5.a'
TCL_STUB_LIB_FLAG='-ltclstub8.5'
TCL_STUB_LIB_SPEC='-L/System/Library/Frameworks/Tcl.framework/Versions/8.5 -ltclstub8.5'
TCL_VERSION='8.5'
TEMP_STORE='2'
USE_AMALGAMATION='1'
USE_GCOV='0'
VERSION='3.7'
VERSION_NUMBER='3007014'
XTHREADCONNECT=''
ac_ct_CC='/usr/bin/gcc'
ac_ct_DUMPBIN=''
bindir='${exec_prefix}/bin'
build='i386-apple-darwin11.4.2'
build_alias=''
build_cpu='i386'
build_os='darwin11.4.2'
build_vendor='apple'
datadir='${datarootdir}'
datarootdir='${prefix}/share'
docdir='${datarootdir}/doc/${PACKAGE_TARNAME}'
dvidir='${docdir}'
exec_prefix='${prefix}'
host='Bulbasaur'
host_alias=''
host_cpu='i386'
host_os='darwin11.4.2'
host_vendor='apple'
htmldir='${docdir}'
includedir='${prefix}/include'
infodir='${datarootdir}/info'
libdir='${exec_prefix}/lib'
libexecdir='${exec_prefix}/libexec'
localedir='${datarootdir}/locale'
localstatedir='${prefix}/var'
lt_ECHO='echo'
mandir='${datarootdir}/man'
oldincludedir='/usr/include'
pdfdir='${docdir}'
prefix='/usr/local'
program_prefix=''
program_transform_name='s,x,x,'
psdir='${docdir}'
sbindir='${exec_prefix}/sbin'
sharedstatedir='${prefix}/com'
sysconfdir='${prefix}/etc'
target_alias=''

## ----------- ##
## confdefs.h. ##
## ----------- ##

/* confdefs.h */
#define PACKAGE_NAME "sqlite"
#define PACKAGE_TARNAME "sqlite"
#define PACKAGE_VERSION "3.7.14.1"
#define PACKAGE_STRING "sqlite 3.7.14.1"
#define PACKAGE_BUGREPORT ""
#define PACKAGE_URL ""
#define STDC_HEADERS 1
#define HAVE_SYS_TYPES_H 1
#define HAVE_SYS_STAT_H 1
#define HAVE_STDLIB_H 1
#define HAVE_STRING_H 1
#define HAVE_MEMORY_H 1
#define HAVE_STRINGS_H 1
#define HAVE_INTTYPES_H 1
#define HAVE_STDINT_H 1
#define HAVE_UNISTD_H 1
#define HAVE_DLFCN_H 1
#define LT_OBJDIR ".libs/"
#define HAVE_INT8_T 1
#define HAVE_INT16_T 1
#define HAVE_INT32_T 1
#define HAVE_INT64_T 1
#define HAVE_INTPTR_T 1
#define HAVE_UINT8_T 1
#define HAVE_UINT16_T 1
#define HAVE_UINT32_T 1
#define HAVE_UINT64_T 1
#define HAVE_UINTPTR_T 1
#define HAVE_SYS_TYPES_H 1
#define HAVE_STDLIB_H 1
#define HAVE_STDINT_H 1
#define HAVE_INTTYPES_H 1
#define HAVE_USLEEP 1
#define HAVE_FDATASYNC 1
#define HAVE_LOCALTIME_R 1
#define HAVE_GMTIME_R 1
#define HAVE_UTIME 1

configure: exit 0
